mode: set
test_mercado_libre/service/api_item.go:19.64,23.16 3 1
test_mercado_libre/service/api_item.go:27.2,30.28 3 1
test_mercado_libre/service/api_item.go:39.2,41.16 2 1
test_mercado_libre/service/api_item.go:46.2,46.22 1 1
test_mercado_libre/service/api_item.go:23.16,25.3 1 1
test_mercado_libre/service/api_item.go:30.28,37.3 5 1
test_mercado_libre/service/api_item.go:41.16,44.3 2 1
test_mercado_libre/usecase/coupon/calculate.go:14.82,21.32 5 1
test_mercado_libre/usecase/coupon/calculate.go:32.2,32.21 1 1
test_mercado_libre/usecase/coupon/calculate.go:21.32,24.20 2 1
test_mercado_libre/usecase/coupon/calculate.go:28.3,29.21 2 1
test_mercado_libre/usecase/coupon/calculate.go:24.20,25.9 1 1
test_mercado_libre/usecase/coupon/calculate.go:35.47,38.26 2 1
test_mercado_libre/usecase/coupon/calculate.go:42.2,42.37 1 1
test_mercado_libre/usecase/coupon/calculate.go:46.2,46.11 1 1
test_mercado_libre/usecase/coupon/calculate.go:38.26,40.3 1 1
test_mercado_libre/usecase/coupon/calculate.go:42.37,44.3 1 1
test_mercado_libre/usecase/coupon/get_item_coupon.go:9.79,14.35 4 1
test_mercado_libre/usecase/coupon/get_item_coupon.go:26.2,28.26 2 1
test_mercado_libre/usecase/coupon/get_item_coupon.go:32.2,35.16 3 1
test_mercado_libre/usecase/coupon/get_item_coupon.go:39.2,39.25 1 1
test_mercado_libre/usecase/coupon/get_item_coupon.go:14.35,17.32 2 1
test_mercado_libre/usecase/coupon/get_item_coupon.go:23.3,23.33 1 1
test_mercado_libre/usecase/coupon/get_item_coupon.go:17.32,21.4 2 1
test_mercado_libre/usecase/coupon/get_item_coupon.go:28.26,30.3 1 1
test_mercado_libre/usecase/coupon/get_item_coupon.go:35.16,37.3 1 1
test_mercado_libre/httpd/handler/coupon.go:11.36,12.30 1 1
test_mercado_libre/httpd/handler/coupon.go:12.30,18.25 4 1
test_mercado_libre/httpd/handler/coupon.go:18.25,20.4 1 1
test_mercado_libre/httpd/handler/coupon.go:20.9,22.4 1 1
test_mercado_libre/httpd/handler/routes.go:8.27,15.2 3 1
